{
  "numFailedTestSuites": 3,
  "numFailedTests": 5,
  "numPassedTestSuites": 8,
  "numPassedTests": 142,
  "numPendingTestSuites": 0,
  "numPendingTests": 0,
  "numRuntimeErrorTestSuites": 0,
  "numTodoTests": 0,
  "numTotalTestSuites": 11,
  "numTotalTests": 147,
  "openHandles": [],
  "snapshot": {
    "added": 0,
    "didUpdate": false,
    "failure": false,
    "filesAdded": 0,
    "filesRemoved": 0,
    "filesRemovedList": [],
    "filesUnmatched": 0,
    "filesUpdated": 0,
    "matched": 0,
    "total": 0,
    "unchecked": 0,
    "uncheckedKeysByFile": [],
    "unmatched": 0,
    "updated": 0
  },
  "startTime": 1770045543178,
  "success": false,
  "testResults": [
    {
      "leaks": false,
      "numFailingTests": 3,
      "numPassingTests": 13,
      "numPendingTests": 0,
      "numTodoTests": 0,
      "openHandles": [],
      "perfStats": {
        "end": 1770045547444,
        "runtime": 4114,
        "slow": false,
        "start": 1770045543330
      },
      "skipped": false,
      "snapshot": {
        "added": 0,
        "fileDeleted": false,
        "matched": 0,
        "unchecked": 0,
        "uncheckedKeys": [],
        "unmatched": 0,
        "updated": 0
      },
      "testFilePath": "C:\\Project_Files\\Internship\\Plant-Health-monitoring\\backend\\tests\\unit\\upload.test.js",
      "testResults": [
        {
          "ancestorTitles": [
            "File Upload Security",
            "File Type Validation"
          ],
          "duration": 69,
          "failureDetails": [],
          "failureMessages": [],
          "fullName": "File Upload Security File Type Validation should reject non-image MIME types",
          "invocations": 1,
          "location": null,
          "numPassingAsserts": 2,
          "retryReasons": [],
          "status": "passed",
          "title": "should reject non-image MIME types"
        },
        {
          "ancestorTitles": [
            "File Upload Security",
            "File Type Validation"
          ],
          "duration": 44,
          "failureDetails": [],
          "failureMessages": [],
          "fullName": "File Upload Security File Type Validation should reject executable files",
          "invocations": 1,
          "location": null,
          "numPassingAsserts": 1,
          "retryReasons": [],
          "status": "passed",
          "title": "should reject executable files"
        },
        {
          "ancestorTitles": [
            "File Upload Security",
            "File Type Validation"
          ],
          "duration": 30,
          "failureDetails": [],
          "failureMessages": [],
          "fullName": "File Upload Security File Type Validation should reject PHP files",
          "invocations": 1,
          "location": null,
          "numPassingAsserts": 1,
          "retryReasons": [],
          "status": "passed",
          "title": "should reject PHP files"
        },
        {
          "ancestorTitles": [
            "File Upload Security",
            "File Extension Validation"
          ],
          "duration": 27,
          "failureDetails": [],
          "failureMessages": [],
          "fullName": "File Upload Security File Extension Validation should reject invalid file extensions",
          "invocations": 1,
          "location": null,
          "numPassingAsserts": 1,
          "retryReasons": [],
          "status": "passed",
          "title": "should reject invalid file extensions"
        },
        {
          "ancestorTitles": [
            "File Upload Security",
            "File Extension Validation"
          ],
          "duration": 27,
          "failureDetails": [],
          "failureMessages": [],
          "fullName": "File Upload Security File Extension Validation should reject double extensions (bypass attempt)",
          "invocations": 1,
          "location": null,
          "numPassingAsserts": 0,
          "retryReasons": [],
          "status": "passed",
          "title": "should reject double extensions (bypass attempt)"
        },
        {
          "ancestorTitles": [
            "File Upload Security",
            "Path Traversal Prevention"
          ],
          "duration": 36,
          "failureDetails": [
            {}
          ],
          "failureMessages": [
            "Error: expected 400 \"Bad Request\", got 415 \"Unsupported Media Type\"\n    at Object.expect (C:\\Project_Files\\Internship\\Plant-Health-monitoring\\backend\\tests\\unit\\upload.test.js:126:10)\n    at Promise.then.completed (C:\\Project_Files\\Internship\\Plant-Health-monitoring\\backend\\node_modules\\jest-circus\\build\\utils.js:298:28)\n    at new Promise (<anonymous>)\n    at callAsyncCircusFn (C:\\Project_Files\\Internship\\Plant-Health-monitoring\\backend\\node_modules\\jest-circus\\build\\utils.js:231:10)\n    at _callCircusTest (C:\\Project_Files\\Internship\\Plant-Health-monitoring\\backend\\node_modules\\jest-circus\\build\\run.js:316:40)\n    at processTicksAndRejections (node:internal/process/task_queues:105:5)\n    at _runTest (C:\\Project_Files\\Internship\\Plant-Health-monitoring\\backend\\node_modules\\jest-circus\\build\\run.js:252:3)\n    at _runTestsForDescribeBlock (C:\\Project_Files\\Internship\\Plant-Health-monitoring\\backend\\node_modules\\jest-circus\\build\\run.js:126:9)\n    at _runTestsForDescribeBlock (C:\\Project_Files\\Internship\\Plant-Health-monitoring\\backend\\node_modules\\jest-circus\\build\\run.js:121:9)\n    at _runTestsForDescribeBlock (C:\\Project_Files\\Internship\\Plant-Health-monitoring\\backend\\node_modules\\jest-circus\\build\\run.js:121:9)\n    at run (C:\\Project_Files\\Internship\\Plant-Health-monitoring\\backend\\node_modules\\jest-circus\\build\\run.js:71:3)\n    at runAndTransformResultsToJestFormat (C:\\Project_Files\\Internship\\Plant-Health-monitoring\\backend\\node_modules\\jest-circus\\build\\legacy-code-todo-rewrite\\jestAdapterInit.js:122:21)\n    at jestAdapter (C:\\Project_Files\\Internship\\Plant-Health-monitoring\\backend\\node_modules\\jest-circus\\build\\legacy-code-todo-rewrite\\jestAdapter.js:79:19)\n    at runTestInternal (C:\\Project_Files\\Internship\\Plant-Health-monitoring\\backend\\node_modules\\jest-runner\\build\\runTest.js:367:16)\n    at runTest (C:\\Project_Files\\Internship\\Plant-Health-monitoring\\backend\\node_modules\\jest-runner\\build\\runTest.js:444:34)\n----\n    at Test._assertStatus (C:\\Project_Files\\Internship\\Plant-Health-monitoring\\backend\\node_modules\\supertest\\lib\\test.js:309:14)\n    at assertFn (C:\\Project_Files\\Internship\\Plant-Health-monitoring\\backend\\node_modules\\supertest\\lib\\test.js:365:13)\n    at Test.fn [as _assertFunction] (C:\\Project_Files\\Internship\\Plant-Health-monitoring\\backend\\node_modules\\supertest\\lib\\test.js:342:13)\n    at Test._assertFunction [as assert] (C:\\Project_Files\\Internship\\Plant-Health-monitoring\\backend\\node_modules\\supertest\\lib\\test.js:195:23)\n    at assert (C:\\Project_Files\\Internship\\Plant-Health-monitoring\\backend\\node_modules\\supertest\\lib\\test.js:138:14)\n    at Server.localAssert (C:\\Project_Files\\Internship\\Plant-Health-monitoring\\backend\\node_modules\\supertest\\lib\\test.js:152:11)\n    at Object.onceWrapper (node:events:632:28)\n    at Server.emit (node:events:518:28)\n    at emitCloseNT (node:net:2418:8)\n    at processTicksAndRejections (node:internal/process/task_queues:89:21)"
          ],
          "fullName": "File Upload Security Path Traversal Prevention should reject filename with ../",
          "invocations": 1,
          "location": null,
          "numPassingAsserts": 0,
          "retryReasons": [],
          "status": "failed",
          "title": "should reject filename with ../"
        },
        {
          "ancestorTitles": [
            "File Upload Security",
            "Path Traversal Prevention"
          ],
          "duration": 28,
          "failureDetails": [],
          "failureMessages": [],
          "fullName": "File Upload Security Path Traversal Prevention should reject filename with encoded path traversal",
          "invocations": 1,
          "location": null,
          "numPassingAsserts": 1,
          "retryReasons": [],
          "status": "passed",
          "title": "should reject filename with encoded path traversal"
        },
        {
          "ancestorTitles": [
            "File Upload Security",
            "Path Traversal Prevention"
          ],
          "duration": 37,
          "failureDetails": [
            {}
          ],
          "failureMessages": [
            "Error: expected 400 \"Bad Request\", got 415 \"Unsupported Media Type\"\n    at Object.expect (C:\\Project_Files\\Internship\\Plant-Health-monitoring\\backend\\tests\\unit\\upload.test.js:154:10)\n    at Promise.then.completed (C:\\Project_Files\\Internship\\Plant-Health-monitoring\\backend\\node_modules\\jest-circus\\build\\utils.js:298:28)\n    at new Promise (<anonymous>)\n    at callAsyncCircusFn (C:\\Project_Files\\Internship\\Plant-Health-monitoring\\backend\\node_modules\\jest-circus\\build\\utils.js:231:10)\n    at _callCircusTest (C:\\Project_Files\\Internship\\Plant-Health-monitoring\\backend\\node_modules\\jest-circus\\build\\run.js:316:40)\n    at processTicksAndRejections (node:internal/process/task_queues:105:5)\n    at _runTest (C:\\Project_Files\\Internship\\Plant-Health-monitoring\\backend\\node_modules\\jest-circus\\build\\run.js:252:3)\n    at _runTestsForDescribeBlock (C:\\Project_Files\\Internship\\Plant-Health-monitoring\\backend\\node_modules\\jest-circus\\build\\run.js:126:9)\n    at _runTestsForDescribeBlock (C:\\Project_Files\\Internship\\Plant-Health-monitoring\\backend\\node_modules\\jest-circus\\build\\run.js:121:9)\n    at _runTestsForDescribeBlock (C:\\Project_Files\\Internship\\Plant-Health-monitoring\\backend\\node_modules\\jest-circus\\build\\run.js:121:9)\n    at run (C:\\Project_Files\\Internship\\Plant-Health-monitoring\\backend\\node_modules\\jest-circus\\build\\run.js:71:3)\n    at runAndTransformResultsToJestFormat (C:\\Project_Files\\Internship\\Plant-Health-monitoring\\backend\\node_modules\\jest-circus\\build\\legacy-code-todo-rewrite\\jestAdapterInit.js:122:21)\n    at jestAdapter (C:\\Project_Files\\Internship\\Plant-Health-monitoring\\backend\\node_modules\\jest-circus\\build\\legacy-code-todo-rewrite\\jestAdapter.js:79:19)\n    at runTestInternal (C:\\Project_Files\\Internship\\Plant-Health-monitoring\\backend\\node_modules\\jest-runner\\build\\runTest.js:367:16)\n    at runTest (C:\\Project_Files\\Internship\\Plant-Health-monitoring\\backend\\node_modules\\jest-runner\\build\\runTest.js:444:34)\n----\n    at Test._assertStatus (C:\\Project_Files\\Internship\\Plant-Health-monitoring\\backend\\node_modules\\supertest\\lib\\test.js:309:14)\n    at assertFn (C:\\Project_Files\\Internship\\Plant-Health-monitoring\\backend\\node_modules\\supertest\\lib\\test.js:365:13)\n    at Test.fn [as _assertFunction] (C:\\Project_Files\\Internship\\Plant-Health-monitoring\\backend\\node_modules\\supertest\\lib\\test.js:342:13)\n    at Test._assertFunction [as assert] (C:\\Project_Files\\Internship\\Plant-Health-monitoring\\backend\\node_modules\\supertest\\lib\\test.js:195:23)\n    at assert (C:\\Project_Files\\Internship\\Plant-Health-monitoring\\backend\\node_modules\\supertest\\lib\\test.js:138:14)\n    at Server.localAssert (C:\\Project_Files\\Internship\\Plant-Health-monitoring\\backend\\node_modules\\supertest\\lib\\test.js:152:11)\n    at Object.onceWrapper (node:events:632:28)\n    at Server.emit (node:events:518:28)\n    at emitCloseNT (node:net:2418:8)\n    at processTicksAndRejections (node:internal/process/task_queues:89:21)"
          ],
          "fullName": "File Upload Security Path Traversal Prevention should reject filename with backslash",
          "invocations": 1,
          "location": null,
          "numPassingAsserts": 0,
          "retryReasons": [],
          "status": "failed",
          "title": "should reject filename with backslash"
        },
        {
          "ancestorTitles": [
            "File Upload Security",
            "Null Byte Injection Prevention"
          ],
          "duration": 28,
          "failureDetails": [],
          "failureMessages": [],
          "fullName": "File Upload Security Null Byte Injection Prevention should reject filename with null byte",
          "invocations": 1,
          "location": null,
          "numPassingAsserts": 1,
          "retryReasons": [],
          "status": "passed",
          "title": "should reject filename with null byte"
        },
        {
          "ancestorTitles": [
            "File Upload Security",
            "File Size Limits"
          ],
          "duration": 320,
          "failureDetails": [],
          "failureMessages": [],
          "fullName": "File Upload Security File Size Limits should reject files larger than MAX_FILE_SIZE",
          "invocations": 1,
          "location": null,
          "numPassingAsserts": 1,
          "retryReasons": [],
          "status": "passed",
          "title": "should reject files larger than MAX_FILE_SIZE"
        },
        {
          "ancestorTitles": [
            "File Upload Security",
            "Filename Length Validation"
          ],
          "duration": 91,
          "failureDetails": [],
          "failureMessages": [],
          "fullName": "File Upload Security Filename Length Validation should reject extremely long filenames",
          "invocations": 1,
          "location": null,
          "numPassingAsserts": 1,
          "retryReasons": [],
          "status": "passed",
          "title": "should reject extremely long filenames"
        },
        {
          "ancestorTitles": [
            "File Upload Security",
            "Multiple File Upload Prevention"
          ],
          "duration": 55,
          "failureDetails": [],
          "failureMessages": [],
          "fullName": "File Upload Security Multiple File Upload Prevention should reject multiple files in single request",
          "invocations": 1,
          "location": null,
          "numPassingAsserts": 1,
          "retryReasons": [],
          "status": "passed",
          "title": "should reject multiple files in single request"
        },
        {
          "ancestorTitles": [
            "File Upload Security",
            "Field Name Validation"
          ],
          "duration": 32,
          "failureDetails": [],
          "failureMessages": [],
          "fullName": "File Upload Security Field Name Validation should reject unexpected field names",
          "invocations": 1,
          "location": null,
          "numPassingAsserts": 1,
          "retryReasons": [],
          "status": "passed",
          "title": "should reject unexpected field names"
        },
        {
          "ancestorTitles": [
            "File Upload Security",
            "File Signature Validation (Magic Bytes)"
          ],
          "duration": 77,
          "failureDetails": [],
          "failureMessages": [],
          "fullName": "File Upload Security File Signature Validation (Magic Bytes) should reject file with fake extension",
          "invocations": 1,
          "location": null,
          "numPassingAsserts": 2,
          "retryReasons": [],
          "status": "passed",
          "title": "should reject file with fake extension"
        },
        {
          "ancestorTitles": [
            "File Upload Security",
            "Empty File Handling"
          ],
          "duration": 54,
          "failureDetails": [],
          "failureMessages": [],
          "fullName": "File Upload Security Empty File Handling should reject empty files",
          "invocations": 1,
          "location": null,
          "numPassingAsserts": 0,
          "retryReasons": [],
          "status": "passed",
          "title": "should reject empty files"
        },
        {
          "ancestorTitles": [
            "File Upload Security",
            "Guest Upload Security"
          ],
          "duration": 33,
          "failureDetails": [
            {
              "errno": -4077,
              "code": "ECONNRESET",
              "syscall": "read"
            }
          ],
          "failureMessages": [
            "Error: read ECONNRESET\n    at TCP.onStreamRead (node:internal/stream_base_commons:216:20)"
          ],
          "fullName": "File Upload Security Guest Upload Security should apply same security checks to guest uploads",
          "invocations": 1,
          "location": null,
          "numPassingAsserts": 0,
          "retryReasons": [],
          "status": "failed",
          "title": "should apply same security checks to guest uploads"
        }
      ],
      "failureMessage": "\u001b[1m\u001b[31m  \u001b[1m● \u001b[22m\u001b[1mFile Upload Security › Path Traversal Prevention › should reject filename with ../\u001b[39m\u001b[22m\n\n    expected 400 \"Bad Request\", got 415 \"Unsupported Media Type\"\n\u001b[2m\u001b[22m\n\u001b[2m    \u001b[0m \u001b[90m 124 |\u001b[39m         \u001b[33m.\u001b[39m\u001b[36mset\u001b[39m(\u001b[32m\"Authorization\"\u001b[39m\u001b[33m,\u001b[39m \u001b[32m`Bearer ${authToken}`\u001b[39m)\u001b[22m\n\u001b[2m     \u001b[90m 125 |\u001b[39m         \u001b[33m.\u001b[39mattach(\u001b[32m\"image\"\u001b[39m\u001b[33m,\u001b[39m file\u001b[33m,\u001b[39m \u001b[32m\"../../../etc/passwd.jpg\"\u001b[39m)\u001b[22m\n\u001b[2m    \u001b[31m\u001b[1m>\u001b[22m\u001b[2m\u001b[39m\u001b[90m 126 |\u001b[39m         \u001b[33m.\u001b[39mexpect(\u001b[35m400\u001b[39m)\u001b[33m;\u001b[39m\u001b[22m\n\u001b[2m     \u001b[90m     |\u001b[39m          \u001b[31m\u001b[1m^\u001b[22m\u001b[2m\u001b[39m\u001b[22m\n\u001b[2m     \u001b[90m 127 |\u001b[39m\u001b[22m\n\u001b[2m     \u001b[90m 128 |\u001b[39m       expect(response\u001b[33m.\u001b[39mbody\u001b[33m.\u001b[39mcode)\u001b[33m.\u001b[39mtoBe(\u001b[32m\"PATH_TRAVERSAL_ATTEMPT\"\u001b[39m)\u001b[33m;\u001b[39m\u001b[22m\n\u001b[2m     \u001b[90m 129 |\u001b[39m\u001b[0m\u001b[22m\n\u001b[2m\u001b[22m\n\u001b[2m      \u001b[2mat Object.expect (\u001b[22m\u001b[2m\u001b[0m\u001b[36mtests/unit/upload.test.js\u001b[39m\u001b[0m\u001b[2m:126:10)\u001b[22m\u001b[2m\u001b[22m\n\u001b[2m      ----\u001b[22m\n\u001b[2m      \u001b[2mat Test._assertStatus (\u001b[22m\u001b[2mnode_modules/supertest/lib/test.js\u001b[2m:309:14)\u001b[22m\u001b[2m\u001b[22m\n\u001b[2m      \u001b[2mat assertFn (\u001b[22m\u001b[2mnode_modules/supertest/lib/test.js\u001b[2m:365:13)\u001b[22m\u001b[2m\u001b[22m\n\u001b[2m      \u001b[2mat Test.fn [as _assertFunction] (\u001b[22m\u001b[2mnode_modules/supertest/lib/test.js\u001b[2m:342:13)\u001b[22m\u001b[2m\u001b[22m\n\u001b[2m      \u001b[2mat Test._assertFunction [as assert] (\u001b[22m\u001b[2mnode_modules/supertest/lib/test.js\u001b[2m:195:23)\u001b[22m\u001b[2m\u001b[22m\n\u001b[2m      \u001b[2mat assert (\u001b[22m\u001b[2mnode_modules/supertest/lib/test.js\u001b[2m:138:14)\u001b[22m\u001b[2m\u001b[22m\n\u001b[2m      \u001b[2mat Server.localAssert (\u001b[22m\u001b[2mnode_modules/supertest/lib/test.js\u001b[2m:152:11)\u001b[22m\u001b[2m\u001b[22m\n\n\u001b[1m\u001b[31m  \u001b[1m● \u001b[22m\u001b[1mFile Upload Security › Path Traversal Prevention › should reject filename with backslash\u001b[39m\u001b[22m\n\n    expected 400 \"Bad Request\", got 415 \"Unsupported Media Type\"\n\u001b[2m\u001b[22m\n\u001b[2m    \u001b[0m \u001b[90m 152 |\u001b[39m         \u001b[33m.\u001b[39m\u001b[36mset\u001b[39m(\u001b[32m\"Authorization\"\u001b[39m\u001b[33m,\u001b[39m \u001b[32m`Bearer ${authToken}`\u001b[39m)\u001b[22m\n\u001b[2m     \u001b[90m 153 |\u001b[39m         \u001b[33m.\u001b[39mattach(\u001b[32m\"image\"\u001b[39m\u001b[33m,\u001b[39m file\u001b[33m,\u001b[39m \u001b[32m\"..\\\\..\\\\windows\\\\system32.png\"\u001b[39m)\u001b[22m\n\u001b[2m    \u001b[31m\u001b[1m>\u001b[22m\u001b[2m\u001b[39m\u001b[90m 154 |\u001b[39m         \u001b[33m.\u001b[39mexpect(\u001b[35m400\u001b[39m)\u001b[33m;\u001b[39m\u001b[22m\n\u001b[2m     \u001b[90m     |\u001b[39m          \u001b[31m\u001b[1m^\u001b[22m\u001b[2m\u001b[39m\u001b[22m\n\u001b[2m     \u001b[90m 155 |\u001b[39m\u001b[22m\n\u001b[2m     \u001b[90m 156 |\u001b[39m       expect(response\u001b[33m.\u001b[39mbody\u001b[33m.\u001b[39mcode)\u001b[33m.\u001b[39mtoBe(\u001b[32m\"PATH_TRAVERSAL_ATTEMPT\"\u001b[39m)\u001b[33m;\u001b[39m\u001b[22m\n\u001b[2m     \u001b[90m 157 |\u001b[39m\u001b[0m\u001b[22m\n\u001b[2m\u001b[22m\n\u001b[2m      \u001b[2mat Object.expect (\u001b[22m\u001b[2m\u001b[0m\u001b[36mtests/unit/upload.test.js\u001b[39m\u001b[0m\u001b[2m:154:10)\u001b[22m\u001b[2m\u001b[22m\n\u001b[2m      ----\u001b[22m\n\u001b[2m      \u001b[2mat Test._assertStatus (\u001b[22m\u001b[2mnode_modules/supertest/lib/test.js\u001b[2m:309:14)\u001b[22m\u001b[2m\u001b[22m\n\u001b[2m      \u001b[2mat assertFn (\u001b[22m\u001b[2mnode_modules/supertest/lib/test.js\u001b[2m:365:13)\u001b[22m\u001b[2m\u001b[22m\n\u001b[2m      \u001b[2mat Test.fn [as _assertFunction] (\u001b[22m\u001b[2mnode_modules/supertest/lib/test.js\u001b[2m:342:13)\u001b[22m\u001b[2m\u001b[22m\n\u001b[2m      \u001b[2mat Test._assertFunction [as assert] (\u001b[22m\u001b[2mnode_modules/supertest/lib/test.js\u001b[2m:195:23)\u001b[22m\u001b[2m\u001b[22m\n\u001b[2m      \u001b[2mat assert (\u001b[22m\u001b[2mnode_modules/supertest/lib/test.js\u001b[2m:138:14)\u001b[22m\u001b[2m\u001b[22m\n\u001b[2m      \u001b[2mat Server.localAssert (\u001b[22m\u001b[2mnode_modules/supertest/lib/test.js\u001b[2m:152:11)\u001b[22m\u001b[2m\u001b[22m\n\n\u001b[1m\u001b[31m  \u001b[1m● \u001b[22m\u001b[1mFile Upload Security › Guest Upload Security › should apply same security checks to guest uploads\u001b[39m\u001b[22m\n\n    read ECONNRESET\n\u001b[2m\u001b[22m\n\u001b[2m\u001b[22m\n"
    },
    {
      "leaks": false,
      "numFailingTests": 1,
      "numPassingTests": 11,
      "numPendingTests": 0,
      "numTodoTests": 0,
      "openHandles": [],
      "perfStats": {
        "end": 1770045549392,
        "runtime": 1932,
        "slow": false,
        "start": 1770045547460
      },
      "skipped": false,
      "snapshot": {
        "added": 0,
        "fileDeleted": false,
        "matched": 0,
        "unchecked": 0,
        "uncheckedKeys": [],
        "unmatched": 0,
        "updated": 0
      },
      "testFilePath": "C:\\Project_Files\\Internship\\Plant-Health-monitoring\\backend\\tests\\unit\\prediction.test.js",
      "testResults": [
        {
          "ancestorTitles": [
            "Prediction API",
            "GET /api/predict/health"
          ],
          "duration": 19,
          "failureDetails": [],
          "failureMessages": [],
          "fullName": "Prediction API GET /api/predict/health should check AI service health",
          "invocations": 1,
          "location": null,
          "numPassingAsserts": 2,
          "retryReasons": [],
          "status": "passed",
          "title": "should check AI service health"
        },
        {
          "ancestorTitles": [
            "Prediction API",
            "POST /api/predict/session"
          ],
          "duration": 45,
          "failureDetails": [],
          "failureMessages": [],
          "fullName": "Prediction API POST /api/predict/session should create a new prediction session",
          "invocations": 1,
          "location": null,
          "numPassingAsserts": 6,
          "retryReasons": [],
          "status": "passed",
          "title": "should create a new prediction session"
        },
        {
          "ancestorTitles": [
            "Prediction API",
            "POST /api/predict/session"
          ],
          "duration": 54,
          "failureDetails": [],
          "failureMessages": [],
          "fullName": "Prediction API POST /api/predict/session should create session with default title",
          "invocations": 1,
          "location": null,
          "numPassingAsserts": 4,
          "retryReasons": [],
          "status": "passed",
          "title": "should create session with default title"
        },
        {
          "ancestorTitles": [
            "Prediction API",
            "POST /api/predict/session"
          ],
          "duration": 14,
          "failureDetails": [],
          "failureMessages": [],
          "fullName": "Prediction API POST /api/predict/session should reject session creation without authentication",
          "invocations": 1,
          "location": null,
          "numPassingAsserts": 3,
          "retryReasons": [],
          "status": "passed",
          "title": "should reject session creation without authentication"
        },
        {
          "ancestorTitles": [
            "Prediction API",
            "POST /api/predict"
          ],
          "duration": 111,
          "failureDetails": [],
          "failureMessages": [],
          "fullName": "Prediction API POST /api/predict should make prediction with valid image",
          "invocations": 1,
          "location": null,
          "numPassingAsserts": 21,
          "retryReasons": [],
          "status": "passed",
          "title": "should make prediction with valid image"
        },
        {
          "ancestorTitles": [
            "Prediction API",
            "POST /api/predict"
          ],
          "duration": 106,
          "failureDetails": [],
          "failureMessages": [],
          "fullName": "Prediction API POST /api/predict should make prediction with specific session",
          "invocations": 1,
          "location": null,
          "numPassingAsserts": 3,
          "retryReasons": [],
          "status": "passed",
          "title": "should make prediction with specific session"
        },
        {
          "ancestorTitles": [
            "Prediction API",
            "POST /api/predict"
          ],
          "duration": 18,
          "failureDetails": [
            {
              "errno": -4077,
              "code": "ECONNRESET",
              "syscall": "read"
            }
          ],
          "failureMessages": [
            "Error: read ECONNRESET\n    at TCP.onStreamRead (node:internal/stream_base_commons:216:20)"
          ],
          "fullName": "Prediction API POST /api/predict should reject prediction without authentication",
          "invocations": 1,
          "location": null,
          "numPassingAsserts": 0,
          "retryReasons": [],
          "status": "failed",
          "title": "should reject prediction without authentication"
        },
        {
          "ancestorTitles": [
            "Prediction API",
            "POST /api/predict"
          ],
          "duration": 29,
          "failureDetails": [],
          "failureMessages": [],
          "fullName": "Prediction API POST /api/predict should reject prediction without image",
          "invocations": 1,
          "location": null,
          "numPassingAsserts": 3,
          "retryReasons": [],
          "status": "passed",
          "title": "should reject prediction without image"
        },
        {
          "ancestorTitles": [
            "Prediction API",
            "POST /api/predict"
          ],
          "duration": 42,
          "failureDetails": [],
          "failureMessages": [],
          "fullName": "Prediction API POST /api/predict should reject prediction with invalid file type",
          "invocations": 1,
          "location": null,
          "numPassingAsserts": 2,
          "retryReasons": [],
          "status": "passed",
          "title": "should reject prediction with invalid file type"
        },
        {
          "ancestorTitles": [
            "Prediction API",
            "POST /api/predict/download-pdf"
          ],
          "duration": 231,
          "failureDetails": [],
          "failureMessages": [],
          "fullName": "Prediction API POST /api/predict/download-pdf should generate PDF report for authenticated users",
          "invocations": 1,
          "location": null,
          "numPassingAsserts": 1,
          "retryReasons": [],
          "status": "passed",
          "title": "should generate PDF report for authenticated users"
        },
        {
          "ancestorTitles": [
            "Prediction API",
            "POST /api/predict/download-pdf"
          ],
          "duration": 8,
          "failureDetails": [],
          "failureMessages": [],
          "fullName": "Prediction API POST /api/predict/download-pdf should reject PDF download without authentication",
          "invocations": 1,
          "location": null,
          "numPassingAsserts": 3,
          "retryReasons": [],
          "status": "passed",
          "title": "should reject PDF download without authentication"
        },
        {
          "ancestorTitles": [
            "Prediction API",
            "POST /api/predict/download-pdf"
          ],
          "duration": 19,
          "failureDetails": [],
          "failureMessages": [],
          "fullName": "Prediction API POST /api/predict/download-pdf should reject PDF download without prediction data",
          "invocations": 1,
          "location": null,
          "numPassingAsserts": 3,
          "retryReasons": [],
          "status": "passed",
          "title": "should reject PDF download without prediction data"
        }
      ],
      "failureMessage": "\u001b[1m\u001b[31m  \u001b[1m● \u001b[22m\u001b[1mPrediction API › POST /api/predict › should reject prediction without authentication\u001b[39m\u001b[22m\n\n    read ECONNRESET\n\u001b[2m\u001b[22m\n\u001b[2m\u001b[22m\n"
    },
    {
      "leaks": false,
      "numFailingTests": 1,
      "numPassingTests": 6,
      "numPendingTests": 0,
      "numTodoTests": 0,
      "openHandles": [],
      "perfStats": {
        "end": 1770045550287,
        "runtime": 884,
        "slow": false,
        "start": 1770045549403
      },
      "skipped": false,
      "snapshot": {
        "added": 0,
        "fileDeleted": false,
        "matched": 0,
        "unchecked": 0,
        "uncheckedKeys": [],
        "unmatched": 0,
        "updated": 0
      },
      "testFilePath": "C:\\Project_Files\\Internship\\Plant-Health-monitoring\\backend\\tests\\unit\\guest.test.js",
      "testResults": [
        {
          "ancestorTitles": [
            "Guest Prediction API",
            "POST /api/guest/predict"
          ],
          "duration": 65,
          "failureDetails": [],
          "failureMessages": [],
          "fullName": "Guest Prediction API POST /api/guest/predict should make guest prediction successfully",
          "invocations": 1,
          "location": null,
          "numPassingAsserts": 12,
          "retryReasons": [],
          "status": "passed",
          "title": "should make guest prediction successfully"
        },
        {
          "ancestorTitles": [
            "Guest Prediction API",
            "POST /api/guest/predict"
          ],
          "duration": 55,
          "failureDetails": [],
          "failureMessages": [],
          "fullName": "Guest Prediction API POST /api/guest/predict should track guest usage across requests",
          "invocations": 1,
          "location": null,
          "numPassingAsserts": 6,
          "retryReasons": [],
          "status": "passed",
          "title": "should track guest usage across requests"
        },
        {
          "ancestorTitles": [
            "Guest Prediction API",
            "POST /api/guest/predict"
          ],
          "duration": 31,
          "failureDetails": [],
          "failureMessages": [],
          "fullName": "Guest Prediction API POST /api/guest/predict should show login prompt after usage",
          "invocations": 1,
          "location": null,
          "numPassingAsserts": 5,
          "retryReasons": [],
          "status": "passed",
          "title": "should show login prompt after usage"
        },
        {
          "ancestorTitles": [
            "Guest Prediction API",
            "POST /api/guest/predict"
          ],
          "duration": 33,
          "failureDetails": [],
          "failureMessages": [],
          "fullName": "Guest Prediction API POST /api/guest/predict should limit guest features compared to authenticated users",
          "invocations": 1,
          "location": null,
          "numPassingAsserts": 7,
          "retryReasons": [],
          "status": "passed",
          "title": "should limit guest features compared to authenticated users"
        },
        {
          "ancestorTitles": [
            "Guest Prediction API",
            "POST /api/guest/predict"
          ],
          "duration": 14,
          "failureDetails": [],
          "failureMessages": [],
          "fullName": "Guest Prediction API POST /api/guest/predict should reject guest prediction without image",
          "invocations": 1,
          "location": null,
          "numPassingAsserts": 3,
          "retryReasons": [],
          "status": "passed",
          "title": "should reject guest prediction without image"
        },
        {
          "ancestorTitles": [
            "Guest Prediction API",
            "POST /api/guest/predict"
          ],
          "duration": 78,
          "failureDetails": [
            {
              "errno": -4077,
              "code": "ECONNRESET",
              "syscall": "read"
            }
          ],
          "failureMessages": [
            "Error: read ECONNRESET\n    at TCP.onStreamRead (node:internal/stream_base_commons:216:20)"
          ],
          "fullName": "Guest Prediction API POST /api/guest/predict should enforce rate limits for guests",
          "invocations": 1,
          "location": null,
          "numPassingAsserts": 0,
          "retryReasons": [],
          "status": "failed",
          "title": "should enforce rate limits for guests"
        },
        {
          "ancestorTitles": [
            "Guest Prediction API",
            "POST /api/guest/predict/download-pdf"
          ],
          "duration": 52,
          "failureDetails": [],
          "failureMessages": [],
          "fullName": "Guest Prediction API POST /api/guest/predict/download-pdf should block PDF download for guests",
          "invocations": 1,
          "location": null,
          "numPassingAsserts": 5,
          "retryReasons": [],
          "status": "passed",
          "title": "should block PDF download for guests"
        }
      ],
      "failureMessage": "\u001b[1m\u001b[31m  \u001b[1m● \u001b[22m\u001b[1mGuest Prediction API › POST /api/guest/predict › should enforce rate limits for guests\u001b[39m\u001b[22m\n\n    read ECONNRESET\n\u001b[2m\u001b[22m\n\u001b[2m\u001b[22m\n"
    },
    {
      "leaks": false,
      "numFailingTests": 0,
      "numPassingTests": 13,
      "numPendingTests": 0,
      "numTodoTests": 0,
      "openHandles": [],
      "perfStats": {
        "end": 1770045551367,
        "runtime": 1074,
        "slow": false,
        "start": 1770045550293
      },
      "skipped": false,
      "snapshot": {
        "added": 0,
        "fileDeleted": false,
        "matched": 0,
        "unchecked": 0,
        "uncheckedKeys": [],
        "unmatched": 0,
        "updated": 0
      },
      "testFilePath": "C:\\Project_Files\\Internship\\Plant-Health-monitoring\\backend\\tests\\e2e\\system.test.js",
      "testResults": [
        {
          "ancestorTitles": [
            "System E2E Tests",
            "System Health"
          ],
          "duration": 46,
          "failureDetails": [],
          "failureMessages": [],
          "fullName": "System E2E Tests System Health should return system health status",
          "invocations": 1,
          "location": null,
          "numPassingAsserts": 10,
          "retryReasons": [],
          "status": "passed",
          "title": "should return system health status"
        },
        {
          "ancestorTitles": [
            "System E2E Tests",
            "System Health"
          ],
          "duration": 11,
          "failureDetails": [],
          "failureMessages": [],
          "fullName": "System E2E Tests System Health should check Redis status",
          "invocations": 1,
          "location": null,
          "numPassingAsserts": 6,
          "retryReasons": [],
          "status": "passed",
          "title": "should check Redis status"
        },
        {
          "ancestorTitles": [
            "System E2E Tests",
            "System Health"
          ],
          "duration": 15,
          "failureDetails": [],
          "failureMessages": [],
          "fullName": "System E2E Tests System Health should get guest statistics",
          "invocations": 1,
          "location": null,
          "numPassingAsserts": 4,
          "retryReasons": [],
          "status": "passed",
          "title": "should get guest statistics"
        },
        {
          "ancestorTitles": [
            "System E2E Tests",
            "Basic Health Check"
          ],
          "duration": 12,
          "failureDetails": [],
          "failureMessages": [],
          "fullName": "System E2E Tests Basic Health Check should return health check",
          "invocations": 1,
          "location": null,
          "numPassingAsserts": 3,
          "retryReasons": [],
          "status": "passed",
          "title": "should return health check"
        },
        {
          "ancestorTitles": [
            "System E2E Tests",
            "Error Handling"
          ],
          "duration": 10,
          "failureDetails": [],
          "failureMessages": [],
          "fullName": "System E2E Tests Error Handling should return 404 for unknown routes",
          "invocations": 1,
          "location": null,
          "numPassingAsserts": 2,
          "retryReasons": [],
          "status": "passed",
          "title": "should return 404 for unknown routes"
        },
        {
          "ancestorTitles": [
            "System E2E Tests",
            "Error Handling"
          ],
          "duration": 21,
          "failureDetails": [],
          "failureMessages": [],
          "fullName": "System E2E Tests Error Handling should handle malformed JSON",
          "invocations": 1,
          "location": null,
          "numPassingAsserts": 1,
          "retryReasons": [],
          "status": "passed",
          "title": "should handle malformed JSON"
        },
        {
          "ancestorTitles": [
            "System E2E Tests",
            "Security Headers"
          ],
          "duration": 9,
          "failureDetails": [],
          "failureMessages": [],
          "fullName": "System E2E Tests Security Headers should set security headers",
          "invocations": 1,
          "location": null,
          "numPassingAsserts": 2,
          "retryReasons": [],
          "status": "passed",
          "title": "should set security headers"
        },
        {
          "ancestorTitles": [
            "System E2E Tests",
            "CORS Headers"
          ],
          "duration": 15,
          "failureDetails": [],
          "failureMessages": [],
          "fullName": "System E2E Tests CORS Headers should handle OPTIONS requests",
          "invocations": 1,
          "location": null,
          "numPassingAsserts": 1,
          "retryReasons": [],
          "status": "passed",
          "title": "should handle OPTIONS requests"
        },
        {
          "ancestorTitles": [
            "System E2E Tests",
            "Rate Limiting"
          ],
          "duration": 209,
          "failureDetails": [],
          "failureMessages": [],
          "fullName": "System E2E Tests Rate Limiting should enforce rate limits on health endpoint",
          "invocations": 1,
          "location": null,
          "numPassingAsserts": 0,
          "retryReasons": [],
          "status": "passed",
          "title": "should enforce rate limits on health endpoint"
        },
        {
          "ancestorTitles": [
            "System E2E Tests",
            "Database Connection"
          ],
          "duration": 50,
          "failureDetails": [],
          "failureMessages": [],
          "fullName": "System E2E Tests Database Connection should have functional database",
          "invocations": 1,
          "location": null,
          "numPassingAsserts": 2,
          "retryReasons": [],
          "status": "passed",
          "title": "should have functional database"
        },
        {
          "ancestorTitles": [
            "System E2E Tests",
            "AI Service"
          ],
          "duration": 26,
          "failureDetails": [],
          "failureMessages": [],
          "fullName": "System E2E Tests AI Service should report AI service status",
          "invocations": 1,
          "location": null,
          "numPassingAsserts": 2,
          "retryReasons": [],
          "status": "passed",
          "title": "should report AI service status"
        },
        {
          "ancestorTitles": [
            "System E2E Tests",
            "Storage Service"
          ],
          "duration": 27,
          "failureDetails": [],
          "failureMessages": [],
          "fullName": "System E2E Tests Storage Service should report storage status",
          "invocations": 1,
          "location": null,
          "numPassingAsserts": 3,
          "retryReasons": [],
          "status": "passed",
          "title": "should report storage status"
        },
        {
          "ancestorTitles": [
            "System E2E Tests",
            "System Memory"
          ],
          "duration": 26,
          "failureDetails": [],
          "failureMessages": [],
          "fullName": "System E2E Tests System Memory should report system memory usage",
          "invocations": 1,
          "location": null,
          "numPassingAsserts": 3,
          "retryReasons": [],
          "status": "passed",
          "title": "should report system memory usage"
        }
      ],
      "failureMessage": null
    },
    {
      "leaks": false,
      "numFailingTests": 0,
      "numPassingTests": 15,
      "numPendingTests": 0,
      "numTodoTests": 0,
      "openHandles": [],
      "perfStats": {
        "end": 1770045554860,
        "runtime": 3486,
        "slow": false,
        "start": 1770045551374
      },
      "skipped": false,
      "snapshot": {
        "added": 0,
        "fileDeleted": false,
        "matched": 0,
        "unchecked": 0,
        "uncheckedKeys": [],
        "unmatched": 0,
        "updated": 0
      },
      "testFilePath": "C:\\Project_Files\\Internship\\Plant-Health-monitoring\\backend\\tests\\integration\\auth.integration.test.js",
      "testResults": [
        {
          "ancestorTitles": [
            "Authentication Integration Tests",
            "Registration Flow"
          ],
          "duration": 197,
          "failureDetails": [],
          "failureMessages": [],
          "fullName": "Authentication Integration Tests Registration Flow should complete registration and verify email uniqueness",
          "invocations": 1,
          "location": null,
          "numPassingAsserts": 7,
          "retryReasons": [],
          "status": "passed",
          "title": "should complete registration and verify email uniqueness"
        },
        {
          "ancestorTitles": [
            "Authentication Integration Tests",
            "Registration Flow"
          ],
          "duration": 48,
          "failureDetails": [],
          "failureMessages": [],
          "fullName": "Authentication Integration Tests Registration Flow should enforce password strength requirements",
          "invocations": 1,
          "location": null,
          "numPassingAsserts": 6,
          "retryReasons": [],
          "status": "passed",
          "title": "should enforce password strength requirements"
        },
        {
          "ancestorTitles": [
            "Authentication Integration Tests",
            "Registration Flow"
          ],
          "duration": 38,
          "failureDetails": [],
          "failureMessages": [],
          "fullName": "Authentication Integration Tests Registration Flow should validate email format",
          "invocations": 1,
          "location": null,
          "numPassingAsserts": 6,
          "retryReasons": [],
          "status": "passed",
          "title": "should validate email format"
        },
        {
          "ancestorTitles": [
            "Authentication Integration Tests",
            "Registration Flow"
          ],
          "duration": 33,
          "failureDetails": [],
          "failureMessages": [],
          "fullName": "Authentication Integration Tests Registration Flow should validate username format and length",
          "invocations": 1,
          "location": null,
          "numPassingAsserts": 2,
          "retryReasons": [],
          "status": "passed",
          "title": "should validate username format and length"
        },
        {
          "ancestorTitles": [
            "Authentication Integration Tests",
            "Login and Token Management"
          ],
          "duration": 243,
          "failureDetails": [],
          "failureMessages": [],
          "fullName": "Authentication Integration Tests Login and Token Management should login and receive valid tokens",
          "invocations": 1,
          "location": null,
          "numPassingAsserts": 4,
          "retryReasons": [],
          "status": "passed",
          "title": "should login and receive valid tokens"
        },
        {
          "ancestorTitles": [
            "Authentication Integration Tests",
            "Login and Token Management"
          ],
          "duration": 17,
          "failureDetails": [],
          "failureMessages": [],
          "fullName": "Authentication Integration Tests Login and Token Management should reject login with invalid credentials",
          "invocations": 1,
          "location": null,
          "numPassingAsserts": 2,
          "retryReasons": [],
          "status": "passed",
          "title": "should reject login with invalid credentials"
        },
        {
          "ancestorTitles": [
            "Authentication Integration Tests",
            "Login and Token Management"
          ],
          "duration": 249,
          "failureDetails": [],
          "failureMessages": [],
          "fullName": "Authentication Integration Tests Login and Token Management should reject login with wrong password",
          "invocations": 1,
          "location": null,
          "numPassingAsserts": 1,
          "retryReasons": [],
          "status": "passed",
          "title": "should reject login with wrong password"
        },
        {
          "ancestorTitles": [
            "Authentication Integration Tests",
            "Token Refresh Flow"
          ],
          "duration": 357,
          "failureDetails": [],
          "failureMessages": [],
          "fullName": "Authentication Integration Tests Token Refresh Flow should refresh access token with valid refresh token",
          "invocations": 1,
          "location": null,
          "numPassingAsserts": 4,
          "retryReasons": [],
          "status": "passed",
          "title": "should refresh access token with valid refresh token"
        },
        {
          "ancestorTitles": [
            "Authentication Integration Tests",
            "Token Refresh Flow"
          ],
          "duration": 19,
          "failureDetails": [],
          "failureMessages": [],
          "fullName": "Authentication Integration Tests Token Refresh Flow should reject refresh without refresh token",
          "invocations": 1,
          "location": null,
          "numPassingAsserts": 2,
          "retryReasons": [],
          "status": "passed",
          "title": "should reject refresh without refresh token"
        },
        {
          "ancestorTitles": [
            "Authentication Integration Tests",
            "Session Security"
          ],
          "duration": 215,
          "failureDetails": [],
          "failureMessages": [],
          "fullName": "Authentication Integration Tests Session Security should enforce session security on profile access",
          "invocations": 1,
          "location": null,
          "numPassingAsserts": 3,
          "retryReasons": [],
          "status": "passed",
          "title": "should enforce session security on profile access"
        },
        {
          "ancestorTitles": [
            "Authentication Integration Tests",
            "Session Security"
          ],
          "duration": 11,
          "failureDetails": [],
          "failureMessages": [],
          "fullName": "Authentication Integration Tests Session Security should reject access with invalid token format",
          "invocations": 1,
          "location": null,
          "numPassingAsserts": 1,
          "retryReasons": [],
          "status": "passed",
          "title": "should reject access with invalid token format"
        },
        {
          "ancestorTitles": [
            "Authentication Integration Tests",
            "Session Security"
          ],
          "duration": 16,
          "failureDetails": [],
          "failureMessages": [],
          "fullName": "Authentication Integration Tests Session Security should reject access without authentication header",
          "invocations": 1,
          "location": null,
          "numPassingAsserts": 2,
          "retryReasons": [],
          "status": "passed",
          "title": "should reject access without authentication header"
        },
        {
          "ancestorTitles": [
            "Authentication Integration Tests",
            "Logout and Token Revocation"
          ],
          "duration": 396,
          "failureDetails": [],
          "failureMessages": [],
          "fullName": "Authentication Integration Tests Logout and Token Revocation should revoke tokens on logout",
          "invocations": 1,
          "location": null,
          "numPassingAsserts": 4,
          "retryReasons": [],
          "status": "passed",
          "title": "should revoke tokens on logout"
        },
        {
          "ancestorTitles": [
            "Authentication Integration Tests",
            "Logout and Token Revocation"
          ],
          "duration": 257,
          "failureDetails": [],
          "failureMessages": [],
          "fullName": "Authentication Integration Tests Logout and Token Revocation should revoke all tokens on logout-all",
          "invocations": 1,
          "location": null,
          "numPassingAsserts": 4,
          "retryReasons": [],
          "status": "passed",
          "title": "should revoke all tokens on logout-all"
        },
        {
          "ancestorTitles": [
            "Authentication Integration Tests",
            "Multiple Account Management"
          ],
          "duration": 573,
          "failureDetails": [],
          "failureMessages": [],
          "fullName": "Authentication Integration Tests Multiple Account Management should handle multiple users logging in simultaneously",
          "invocations": 1,
          "location": null,
          "numPassingAsserts": 3,
          "retryReasons": [],
          "status": "passed",
          "title": "should handle multiple users logging in simultaneously"
        }
      ],
      "failureMessage": null
    },
    {
      "leaks": false,
      "numFailingTests": 0,
      "numPassingTests": 19,
      "numPendingTests": 0,
      "numTodoTests": 0,
      "openHandles": [],
      "perfStats": {
        "end": 1770045557431,
        "runtime": 2549,
        "slow": false,
        "start": 1770045554882
      },
      "skipped": false,
      "snapshot": {
        "added": 0,
        "fileDeleted": false,
        "matched": 0,
        "unchecked": 0,
        "uncheckedKeys": [],
        "unmatched": 0,
        "updated": 0
      },
      "testFilePath": "C:\\Project_Files\\Internship\\Plant-Health-monitoring\\backend\\tests\\unit\\middleware.test.js",
      "testResults": [
        {
          "ancestorTitles": [
            "Middleware Tests",
            "Validation Middleware",
            "Registration Validation"
          ],
          "duration": 29,
          "failureDetails": [],
          "failureMessages": [],
          "fullName": "Middleware Tests Validation Middleware Registration Validation should validate email format",
          "invocations": 1,
          "location": null,
          "numPassingAsserts": 2,
          "retryReasons": [],
          "status": "passed",
          "title": "should validate email format"
        },
        {
          "ancestorTitles": [
            "Middleware Tests",
            "Validation Middleware",
            "Registration Validation"
          ],
          "duration": 22,
          "failureDetails": [],
          "failureMessages": [],
          "fullName": "Middleware Tests Validation Middleware Registration Validation should validate username length",
          "invocations": 1,
          "location": null,
          "numPassingAsserts": 1,
          "retryReasons": [],
          "status": "passed",
          "title": "should validate username length"
        },
        {
          "ancestorTitles": [
            "Middleware Tests",
            "Validation Middleware",
            "Registration Validation"
          ],
          "duration": 10,
          "failureDetails": [],
          "failureMessages": [],
          "fullName": "Middleware Tests Validation Middleware Registration Validation should validate password strength",
          "invocations": 1,
          "location": null,
          "numPassingAsserts": 2,
          "retryReasons": [],
          "status": "passed",
          "title": "should validate password strength"
        },
        {
          "ancestorTitles": [
            "Middleware Tests",
            "Validation Middleware",
            "Registration Validation"
          ],
          "duration": 10,
          "failureDetails": [],
          "failureMessages": [],
          "fullName": "Middleware Tests Validation Middleware Registration Validation should validate username alphanumeric only",
          "invocations": 1,
          "location": null,
          "numPassingAsserts": 1,
          "retryReasons": [],
          "status": "passed",
          "title": "should validate username alphanumeric only"
        },
        {
          "ancestorTitles": [
            "Middleware Tests",
            "Validation Middleware",
            "Login Validation"
          ],
          "duration": 10,
          "failureDetails": [],
          "failureMessages": [],
          "fullName": "Middleware Tests Validation Middleware Login Validation should require email",
          "invocations": 1,
          "location": null,
          "numPassingAsserts": 1,
          "retryReasons": [],
          "status": "passed",
          "title": "should require email"
        },
        {
          "ancestorTitles": [
            "Middleware Tests",
            "Validation Middleware",
            "Login Validation"
          ],
          "duration": 10,
          "failureDetails": [],
          "failureMessages": [],
          "fullName": "Middleware Tests Validation Middleware Login Validation should require password",
          "invocations": 1,
          "location": null,
          "numPassingAsserts": 1,
          "retryReasons": [],
          "status": "passed",
          "title": "should require password"
        },
        {
          "ancestorTitles": [
            "Middleware Tests",
            "Validation Middleware",
            "Session Validation"
          ],
          "duration": 1,
          "failureDetails": [],
          "failureMessages": [],
          "fullName": "Middleware Tests Validation Middleware Session Validation should validate session title length",
          "invocations": 1,
          "location": null,
          "numPassingAsserts": 0,
          "retryReasons": [],
          "status": "passed",
          "title": "should validate session title length"
        },
        {
          "ancestorTitles": [
            "Middleware Tests",
            "Error Handling Middleware"
          ],
          "duration": 199,
          "failureDetails": [],
          "failureMessages": [],
          "fullName": "Middleware Tests Error Handling Middleware should handle Sequelize validation errors",
          "invocations": 1,
          "location": null,
          "numPassingAsserts": 1,
          "retryReasons": [],
          "status": "passed",
          "title": "should handle Sequelize validation errors"
        },
        {
          "ancestorTitles": [
            "Middleware Tests",
            "Error Handling Middleware"
          ],
          "duration": 22,
          "failureDetails": [],
          "failureMessages": [],
          "fullName": "Middleware Tests Error Handling Middleware should handle 404 errors for unknown routes",
          "invocations": 1,
          "location": null,
          "numPassingAsserts": 2,
          "retryReasons": [],
          "status": "passed",
          "title": "should handle 404 errors for unknown routes"
        },
        {
          "ancestorTitles": [
            "Middleware Tests",
            "Error Handling Middleware"
          ],
          "duration": 34,
          "failureDetails": [],
          "failureMessages": [],
          "fullName": "Middleware Tests Error Handling Middleware should handle malformed JSON",
          "invocations": 1,
          "location": null,
          "numPassingAsserts": 2,
          "retryReasons": [],
          "status": "passed",
          "title": "should handle malformed JSON"
        },
        {
          "ancestorTitles": [
            "Middleware Tests",
            "Error Handling Middleware"
          ],
          "duration": 17,
          "failureDetails": [],
          "failureMessages": [],
          "fullName": "Middleware Tests Error Handling Middleware should include error details in development",
          "invocations": 1,
          "location": null,
          "numPassingAsserts": 1,
          "retryReasons": [],
          "status": "passed",
          "title": "should include error details in development"
        },
        {
          "ancestorTitles": [
            "Middleware Tests",
            "Error Handling Middleware"
          ],
          "duration": 14,
          "failureDetails": [],
          "failureMessages": [],
          "fullName": "Middleware Tests Error Handling Middleware should not leak stack traces in production",
          "invocations": 1,
          "location": null,
          "numPassingAsserts": 1,
          "retryReasons": [],
          "status": "passed",
          "title": "should not leak stack traces in production"
        },
        {
          "ancestorTitles": [
            "Middleware Tests",
            "Rate Limiting Middleware"
          ],
          "duration": 398,
          "failureDetails": [],
          "failureMessages": [],
          "fullName": "Middleware Tests Rate Limiting Middleware should enforce global rate limits",
          "invocations": 1,
          "location": null,
          "numPassingAsserts": 0,
          "retryReasons": [],
          "status": "passed",
          "title": "should enforce global rate limits"
        },
        {
          "ancestorTitles": [
            "Middleware Tests",
            "Rate Limiting Middleware"
          ],
          "duration": 426,
          "failureDetails": [],
          "failureMessages": [],
          "fullName": "Middleware Tests Rate Limiting Middleware should enforce auth endpoint rate limits",
          "invocations": 1,
          "location": null,
          "numPassingAsserts": 0,
          "retryReasons": [],
          "status": "passed",
          "title": "should enforce auth endpoint rate limits"
        },
        {
          "ancestorTitles": [
            "Middleware Tests",
            "CORS Middleware"
          ],
          "duration": 9,
          "failureDetails": [],
          "failureMessages": [],
          "fullName": "Middleware Tests CORS Middleware should set CORS headers",
          "invocations": 1,
          "location": null,
          "numPassingAsserts": 1,
          "retryReasons": [],
          "status": "passed",
          "title": "should set CORS headers"
        },
        {
          "ancestorTitles": [
            "Middleware Tests",
            "CORS Middleware"
          ],
          "duration": 9,
          "failureDetails": [],
          "failureMessages": [],
          "fullName": "Middleware Tests CORS Middleware should handle preflight requests",
          "invocations": 1,
          "location": null,
          "numPassingAsserts": 1,
          "retryReasons": [],
          "status": "passed",
          "title": "should handle preflight requests"
        },
        {
          "ancestorTitles": [
            "Middleware Tests",
            "Security Headers Middleware"
          ],
          "duration": 8,
          "failureDetails": [],
          "failureMessages": [],
          "fullName": "Middleware Tests Security Headers Middleware should set X-Content-Type-Options",
          "invocations": 1,
          "location": null,
          "numPassingAsserts": 1,
          "retryReasons": [],
          "status": "passed",
          "title": "should set X-Content-Type-Options"
        },
        {
          "ancestorTitles": [
            "Middleware Tests",
            "Security Headers Middleware"
          ],
          "duration": 10,
          "failureDetails": [],
          "failureMessages": [],
          "fullName": "Middleware Tests Security Headers Middleware should set X-Frame-Options",
          "invocations": 1,
          "location": null,
          "numPassingAsserts": 1,
          "retryReasons": [],
          "status": "passed",
          "title": "should set X-Frame-Options"
        },
        {
          "ancestorTitles": [
            "Middleware Tests",
            "Security Headers Middleware"
          ],
          "duration": 8,
          "failureDetails": [],
          "failureMessages": [],
          "fullName": "Middleware Tests Security Headers Middleware should set Content-Security-Policy",
          "invocations": 1,
          "location": null,
          "numPassingAsserts": 1,
          "retryReasons": [],
          "status": "passed",
          "title": "should set Content-Security-Policy"
        }
      ],
      "failureMessage": null
    },
    {
      "leaks": false,
      "numFailingTests": 0,
      "numPassingTests": 17,
      "numPendingTests": 0,
      "numTodoTests": 0,
      "openHandles": [],
      "perfStats": {
        "end": 1770045560741,
        "runtime": 3300,
        "slow": false,
        "start": 1770045557441
      },
      "skipped": false,
      "snapshot": {
        "added": 0,
        "fileDeleted": false,
        "matched": 0,
        "unchecked": 0,
        "uncheckedKeys": [],
        "unmatched": 0,
        "updated": 0
      },
      "testFilePath": "C:\\Project_Files\\Internship\\Plant-Health-monitoring\\backend\\tests\\unit\\auth.test.js",
      "testResults": [
        {
          "ancestorTitles": [
            "Authentication API",
            "POST /api/auth/register"
          ],
          "duration": 157,
          "failureDetails": [],
          "failureMessages": [],
          "fullName": "Authentication API POST /api/auth/register should register a new user successfully",
          "invocations": 1,
          "location": null,
          "numPassingAsserts": 7,
          "retryReasons": [],
          "status": "passed",
          "title": "should register a new user successfully"
        },
        {
          "ancestorTitles": [
            "Authentication API",
            "POST /api/auth/register"
          ],
          "duration": 93,
          "failureDetails": [],
          "failureMessages": [],
          "fullName": "Authentication API POST /api/auth/register should reject registration with duplicate email",
          "invocations": 1,
          "location": null,
          "numPassingAsserts": 3,
          "retryReasons": [],
          "status": "passed",
          "title": "should reject registration with duplicate email"
        },
        {
          "ancestorTitles": [
            "Authentication API",
            "POST /api/auth/register"
          ],
          "duration": 26,
          "failureDetails": [],
          "failureMessages": [],
          "fullName": "Authentication API POST /api/auth/register should reject weak password",
          "invocations": 1,
          "location": null,
          "numPassingAsserts": 3,
          "retryReasons": [],
          "status": "passed",
          "title": "should reject weak password"
        },
        {
          "ancestorTitles": [
            "Authentication API",
            "POST /api/auth/register"
          ],
          "duration": 33,
          "failureDetails": [],
          "failureMessages": [],
          "fullName": "Authentication API POST /api/auth/register should reject invalid email format",
          "invocations": 1,
          "location": null,
          "numPassingAsserts": 3,
          "retryReasons": [],
          "status": "passed",
          "title": "should reject invalid email format"
        },
        {
          "ancestorTitles": [
            "Authentication API",
            "POST /api/auth/register"
          ],
          "duration": 43,
          "failureDetails": [],
          "failureMessages": [],
          "fullName": "Authentication API POST /api/auth/register should reject invalid username",
          "invocations": 1,
          "location": null,
          "numPassingAsserts": 3,
          "retryReasons": [],
          "status": "passed",
          "title": "should reject invalid username"
        },
        {
          "ancestorTitles": [
            "Authentication API",
            "POST /api/auth/login"
          ],
          "duration": 286,
          "failureDetails": [],
          "failureMessages": [],
          "fullName": "Authentication API POST /api/auth/login should login successfully with valid credentials",
          "invocations": 1,
          "location": null,
          "numPassingAsserts": 8,
          "retryReasons": [],
          "status": "passed",
          "title": "should login successfully with valid credentials"
        },
        {
          "ancestorTitles": [
            "Authentication API",
            "POST /api/auth/login"
          ],
          "duration": 65,
          "failureDetails": [],
          "failureMessages": [],
          "fullName": "Authentication API POST /api/auth/login should reject login with invalid email",
          "invocations": 1,
          "location": null,
          "numPassingAsserts": 3,
          "retryReasons": [],
          "status": "passed",
          "title": "should reject login with invalid email"
        },
        {
          "ancestorTitles": [
            "Authentication API",
            "POST /api/auth/login"
          ],
          "duration": 225,
          "failureDetails": [],
          "failureMessages": [],
          "fullName": "Authentication API POST /api/auth/login should reject login with invalid password",
          "invocations": 1,
          "location": null,
          "numPassingAsserts": 3,
          "retryReasons": [],
          "status": "passed",
          "title": "should reject login with invalid password"
        },
        {
          "ancestorTitles": [
            "Authentication API",
            "POST /api/auth/login"
          ],
          "duration": 35,
          "failureDetails": [],
          "failureMessages": [],
          "fullName": "Authentication API POST /api/auth/login should reject login with missing credentials",
          "invocations": 1,
          "location": null,
          "numPassingAsserts": 2,
          "retryReasons": [],
          "status": "passed",
          "title": "should reject login with missing credentials"
        },
        {
          "ancestorTitles": [
            "Authentication API",
            "POST /api/auth/refresh"
          ],
          "duration": 307,
          "failureDetails": [],
          "failureMessages": [],
          "fullName": "Authentication API POST /api/auth/refresh should refresh access token with valid refresh token",
          "invocations": 1,
          "location": null,
          "numPassingAsserts": 3,
          "retryReasons": [],
          "status": "passed",
          "title": "should refresh access token with valid refresh token"
        },
        {
          "ancestorTitles": [
            "Authentication API",
            "POST /api/auth/refresh"
          ],
          "duration": 21,
          "failureDetails": [],
          "failureMessages": [],
          "fullName": "Authentication API POST /api/auth/refresh should reject refresh without refresh token",
          "invocations": 1,
          "location": null,
          "numPassingAsserts": 2,
          "retryReasons": [],
          "status": "passed",
          "title": "should reject refresh without refresh token"
        },
        {
          "ancestorTitles": [
            "Authentication API",
            "GET /api/auth/profile"
          ],
          "duration": 241,
          "failureDetails": [],
          "failureMessages": [],
          "fullName": "Authentication API GET /api/auth/profile should get user profile with valid token",
          "invocations": 1,
          "location": null,
          "numPassingAsserts": 5,
          "retryReasons": [],
          "status": "passed",
          "title": "should get user profile with valid token"
        },
        {
          "ancestorTitles": [
            "Authentication API",
            "GET /api/auth/profile"
          ],
          "duration": 45,
          "failureDetails": [],
          "failureMessages": [],
          "fullName": "Authentication API GET /api/auth/profile should reject profile request without token",
          "invocations": 1,
          "location": null,
          "numPassingAsserts": 2,
          "retryReasons": [],
          "status": "passed",
          "title": "should reject profile request without token"
        },
        {
          "ancestorTitles": [
            "Authentication API",
            "GET /api/auth/profile"
          ],
          "duration": 30,
          "failureDetails": [],
          "failureMessages": [],
          "fullName": "Authentication API GET /api/auth/profile should reject profile request with invalid token",
          "invocations": 1,
          "location": null,
          "numPassingAsserts": 2,
          "retryReasons": [],
          "status": "passed",
          "title": "should reject profile request with invalid token"
        },
        {
          "ancestorTitles": [
            "Authentication API",
            "POST /api/auth/logout"
          ],
          "duration": 335,
          "failureDetails": [],
          "failureMessages": [],
          "fullName": "Authentication API POST /api/auth/logout should logout successfully",
          "invocations": 1,
          "location": null,
          "numPassingAsserts": 4,
          "retryReasons": [],
          "status": "passed",
          "title": "should logout successfully"
        },
        {
          "ancestorTitles": [
            "Authentication API",
            "POST /api/auth/logout"
          ],
          "duration": 129,
          "failureDetails": [],
          "failureMessages": [],
          "fullName": "Authentication API POST /api/auth/logout should logout even without refresh token",
          "invocations": 1,
          "location": null,
          "numPassingAsserts": 2,
          "retryReasons": [],
          "status": "passed",
          "title": "should logout even without refresh token"
        },
        {
          "ancestorTitles": [
            "Authentication API",
            "POST /api/auth/logout-all"
          ],
          "duration": 432,
          "failureDetails": [],
          "failureMessages": [],
          "fullName": "Authentication API POST /api/auth/logout-all should logout from all devices",
          "invocations": 1,
          "location": null,
          "numPassingAsserts": 3,
          "retryReasons": [],
          "status": "passed",
          "title": "should logout from all devices"
        }
      ],
      "failureMessage": null
    },
    {
      "leaks": false,
      "numFailingTests": 0,
      "numPassingTests": 3,
      "numPendingTests": 0,
      "numTodoTests": 0,
      "openHandles": [],
      "perfStats": {
        "end": 1770045562791,
        "runtime": 2032,
        "slow": false,
        "start": 1770045560759
      },
      "skipped": false,
      "snapshot": {
        "added": 0,
        "fileDeleted": false,
        "matched": 0,
        "unchecked": 0,
        "uncheckedKeys": [],
        "unmatched": 0,
        "updated": 0
      },
      "testFilePath": "C:\\Project_Files\\Internship\\Plant-Health-monitoring\\backend\\tests\\integration\\userWorkflow.test.js",
      "testResults": [
        {
          "ancestorTitles": [
            "User Workflow Integration Tests",
            "Complete User Journey"
          ],
          "duration": 482,
          "failureDetails": [],
          "failureMessages": [],
          "fullName": "User Workflow Integration Tests Complete User Journey should complete full authenticated user workflow",
          "invocations": 1,
          "location": null,
          "numPassingAsserts": 21,
          "retryReasons": [],
          "status": "passed",
          "title": "should complete full authenticated user workflow"
        },
        {
          "ancestorTitles": [
            "User Workflow Integration Tests",
            "Guest to Registered User Conversion"
          ],
          "duration": 374,
          "failureDetails": [],
          "failureMessages": [],
          "fullName": "User Workflow Integration Tests Guest to Registered User Conversion should convert guest user to registered user",
          "invocations": 1,
          "location": null,
          "numPassingAsserts": 11,
          "retryReasons": [],
          "status": "passed",
          "title": "should convert guest user to registered user"
        },
        {
          "ancestorTitles": [
            "User Workflow Integration Tests",
            "Session Management Workflow"
          ],
          "duration": 440,
          "failureDetails": [],
          "failureMessages": [],
          "fullName": "User Workflow Integration Tests Session Management Workflow should manage multiple sessions and predictions",
          "invocations": 1,
          "location": null,
          "numPassingAsserts": 2,
          "retryReasons": [],
          "status": "passed",
          "title": "should manage multiple sessions and predictions"
        }
      ],
      "failureMessage": null
    },
    {
      "leaks": false,
      "numFailingTests": 0,
      "numPassingTests": 14,
      "numPendingTests": 0,
      "numTodoTests": 0,
      "openHandles": [],
      "perfStats": {
        "end": 1770045564528,
        "runtime": 1722,
        "slow": false,
        "start": 1770045562806
      },
      "skipped": false,
      "snapshot": {
        "added": 0,
        "fileDeleted": false,
        "matched": 0,
        "unchecked": 0,
        "uncheckedKeys": [],
        "unmatched": 0,
        "updated": 0
      },
      "testFilePath": "C:\\Project_Files\\Internship\\Plant-Health-monitoring\\backend\\tests\\unit\\history.test.js",
      "testResults": [
        {
          "ancestorTitles": [
            "History API",
            "GET /api/history/sessions"
          ],
          "duration": 38,
          "failureDetails": [],
          "failureMessages": [],
          "fullName": "History API GET /api/history/sessions should get all sessions for user",
          "invocations": 1,
          "location": null,
          "numPassingAsserts": 11,
          "retryReasons": [],
          "status": "passed",
          "title": "should get all sessions for user"
        },
        {
          "ancestorTitles": [
            "History API",
            "GET /api/history/sessions"
          ],
          "duration": 51,
          "failureDetails": [],
          "failureMessages": [],
          "fullName": "History API GET /api/history/sessions should support pagination",
          "invocations": 1,
          "location": null,
          "numPassingAsserts": 5,
          "retryReasons": [],
          "status": "passed",
          "title": "should support pagination"
        },
        {
          "ancestorTitles": [
            "History API",
            "GET /api/history/sessions"
          ],
          "duration": 25,
          "failureDetails": [],
          "failureMessages": [],
          "fullName": "History API GET /api/history/sessions should reject sessions request without authentication",
          "invocations": 1,
          "location": null,
          "numPassingAsserts": 3,
          "retryReasons": [],
          "status": "passed",
          "title": "should reject sessions request without authentication"
        },
        {
          "ancestorTitles": [
            "History API",
            "GET /api/history/sessions/:sessionId/predictions"
          ],
          "duration": 65,
          "failureDetails": [],
          "failureMessages": [],
          "fullName": "History API GET /api/history/sessions/:sessionId/predictions should get predictions for a session",
          "invocations": 1,
          "location": null,
          "numPassingAsserts": 11,
          "retryReasons": [],
          "status": "passed",
          "title": "should get predictions for a session"
        },
        {
          "ancestorTitles": [
            "History API",
            "GET /api/history/sessions/:sessionId/predictions"
          ],
          "duration": 32,
          "failureDetails": [],
          "failureMessages": [],
          "fullName": "History API GET /api/history/sessions/:sessionId/predictions should reject with invalid session ID",
          "invocations": 1,
          "location": null,
          "numPassingAsserts": 3,
          "retryReasons": [],
          "status": "passed",
          "title": "should reject with invalid session ID"
        },
        {
          "ancestorTitles": [
            "History API",
            "GET /api/history/sessions/:sessionId/predictions"
          ],
          "duration": 62,
          "failureDetails": [],
          "failureMessages": [],
          "fullName": "History API GET /api/history/sessions/:sessionId/predictions should reject with non-existent session",
          "invocations": 1,
          "location": null,
          "numPassingAsserts": 3,
          "retryReasons": [],
          "status": "passed",
          "title": "should reject with non-existent session"
        },
        {
          "ancestorTitles": [
            "History API",
            "PATCH /api/history/sessions/:sessionId"
          ],
          "duration": 20,
          "failureDetails": [],
          "failureMessages": [],
          "fullName": "History API PATCH /api/history/sessions/:sessionId should update session title",
          "invocations": 1,
          "location": null,
          "numPassingAsserts": 4,
          "retryReasons": [],
          "status": "passed",
          "title": "should update session title"
        },
        {
          "ancestorTitles": [
            "History API",
            "PATCH /api/history/sessions/:sessionId"
          ],
          "duration": 13,
          "failureDetails": [],
          "failureMessages": [],
          "fullName": "History API PATCH /api/history/sessions/:sessionId should reject empty title",
[...]
          "title": "should get prediction details"
        },
        {
          "ancestorTitles": [
            "History API",
            "GET /api/history/predictions/:predictionId"
          ],
          "duration": 12,
          "failureDetails": [],
          "failureMessages": [],
          "fullName": "History API GET /api/history/predictions/:predictionId should reject invalid prediction ID",
          "invocations": 1,
          "location": null,
          "numPassingAsserts": 3,
          "retryReasons": [],
          "status": "passed",
          "title": "should reject invalid prediction ID"
        },
        {
          "ancestorTitles": [
            "History API",
            "GET /api/history/predictions/:predictionId"
          ],
          "duration": 18,
          "failureDetails": [],
          "failureMessages": [],
          "fullName": "History API GET /api/history/predictions/:predictionId should reject non-existent prediction",
          "invocations": 1,
          "location": null,
          "numPassingAsserts": 3,
          "retryReasons": [],
          "status": "passed",
          "title": "should reject non-existent prediction"
        }
      ],
      "failureMessage": null
    },
    {
      "leaks": false,
      "numFailingTests": 0,
      "numPassingTests": 16,
      "numPendingTests": 0,
      "numTodoTests": 0,
      "openHandles": [],
      "perfStats": {
        "end": 1770045566106,
        "runtime": 1570,
        "slow": false,
        "start": 1770045564536
      },
      "skipped": false,
      "snapshot": {
        "added": 0,
        "fileDeleted": false,
        "matched": 0,
        "unchecked": 0,
        "uncheckedKeys": [],
        "unmatched": 0,
        "updated": 0
      },
      "testFilePath": "C:\\Project_Files\\Internship\\Plant-Health-monitoring\\backend\\tests\\unit\\token.test.js",
      "testResults": [
        {
          "ancestorTitles": [
            "Token Service",
            "generateTokenPair"
          ],
          "duration": 10,
          "failureDetails": [],
          "failureMessages": [],
          "fullName": "Token Service generateTokenPair should generate access and refresh tokens",
          "invocations": 1,
          "location": null,
          "numPassingAsserts": 6,
          "retryReasons": [],
          "status": "passed",
          "title": "should generate access and refresh tokens"
        },
        {
          "ancestorTitles": [
            "Token Service",
            "generateTokenPair"
          ],
          "duration": 13,
          "failureDetails": [],
          "failureMessages": [],
          "fullName": "Token Service generateTokenPair should store refresh token in database",
          "invocations": 1,
          "location": null,
          "numPassingAsserts": 1,
          "retryReasons": [],
          "status": "passed",
          "title": "should store refresh token in database"
        },
        {
          "ancestorTitles": [
            "Token Service",
            "validateAccessToken"
          ],
          "duration": 12,
          "failureDetails": [],
          "failureMessages": [],
          "fullName": "Token Service validateAccessToken should validate valid access token",
          "invocations": 1,
          "location": null,
          "numPassingAsserts": 2,
          "retryReasons": [],
          "status": "passed",
          "title": "should validate valid access token"
        },
        {
          "ancestorTitles": [
            "Token Service",
            "validateAccessToken"
          ],
          "duration": 4,
          "failureDetails": [],
          "failureMessages": [],
          "fullName": "Token Service validateAccessToken should reject invalid access token",
          "invocations": 1,
          "location": null,
          "numPassingAsserts": 1,
          "retryReasons": [],
          "status": "passed",
          "title": "should reject invalid access token"
        },
        {
          "ancestorTitles": [
            "Token Service",
            "validateAccessToken"
          ],
          "duration": 1,
          "failureDetails": [],
          "failureMessages": [],
          "fullName": "Token Service validateAccessToken should reject expired access token",
          "invocations": 1,
          "location": null,
          "numPassingAsserts": 0,
          "retryReasons": [],
          "status": "passed",
          "title": "should reject expired access token"
        },
        {
          "ancestorTitles": [
            "Token Service",
            "validateRefreshToken"
          ],
          "duration": 17,
          "failureDetails": [],
          "failureMessages": [],
          "fullName": "Token Service validateRefreshToken should validate valid refresh token",
          "invocations": 1,
          "location": null,
          "numPassingAsserts": 3,
          "retryReasons": [],
          "status": "passed",
          "title": "should validate valid refresh token"
        },
        {
          "ancestorTitles": [
            "Token Service",
            "validateRefreshToken"
          ],
          "duration": 69,
          "failureDetails": [],
          "failureMessages": [],
          "fullName": "Token Service validateRefreshToken should reject revoked refresh token",
          "invocations": 1,
          "location": null,
          "numPassingAsserts": 1,
          "retryReasons": [],
          "status": "passed",
          "title": "should reject revoked refresh token"
        },
        {
          "ancestorTitles": [
            "Token Service",
            "refreshAccessToken"
          ],
          "duration": 35,
          "failureDetails": [],
          "failureMessages": [],
          "fullName": "Token Service refreshAccessToken should generate new access token from refresh token",
          "invocations": 1,
          "location": null,
          "numPassingAsserts": 3,
          "retryReasons": [],
          "status": "passed",
          "title": "should generate new access token from refresh token"
        },
        {
          "ancestorTitles": [
            "Token Service",
            "refreshAccessToken"
          ],
          "duration": 166,
          "failureDetails": [],
          "failureMessages": [],
          "fullName": "Token Service refreshAccessToken should update last_used_at timestamp",
          "invocations": 1,
          "location": null,
          "numPassingAsserts": 1,
          "retryReasons": [],
          "status": "passed",
          "title": "should update last_used_at timestamp"
        },
        {
          "ancestorTitles": [
            "Token Service",
            "revokeRefreshToken"
          ],
          "duration": 43,
          "failureDetails": [],
          "failureMessages": [],
          "fullName": "Token Service revokeRefreshToken should revoke refresh token",
          "invocations": 1,
          "location": null,
          "numPassingAsserts": 3,
          "retryReasons": [],
          "status": "passed",
          "title": "should revoke refresh token"
        },
        {
          "ancestorTitles": [
            "Token Service",
            "revokeRefreshToken"
          ],
          "duration": 37,
          "failureDetails": [],
          "failureMessages": [],
          "fullName": "Token Service revokeRefreshToken should handle revoking already revoked token",
          "invocations": 1,
          "location": null,
          "numPassingAsserts": 1,
          "retryReasons": [],
          "status": "passed",
          "title": "should handle revoking already revoked token"
        },
        {
          "ancestorTitles": [
            "Token Service",
            "revokeRefreshToken"
          ],
          "duration": 1,
          "failureDetails": [],
          "failureMessages": [],
          "fullName": "Token Service revokeRefreshToken should handle revoking expired token",
          "invocations": 1,
          "location": null,
          "numPassingAsserts": 1,
          "retryReasons": [],
          "status": "passed",
          "title": "should handle revoking expired token"
        },
        {
          "ancestorTitles": [
            "Token Service",
            "revokeAllUserTokens"
          ],
          "duration": 29,
          "failureDetails": [],
          "failureMessages": [],
          "fullName": "Token Service revokeAllUserTokens should revoke all tokens for a user",
          "invocations": 1,
          "location": null,
          "numPassingAsserts": 2,
          "retryReasons": [],
          "status": "passed",
          "title": "should revoke all tokens for a user"
        },
        {
          "ancestorTitles": [
            "Token Service",
            "getActiveSessions"
          ],
          "duration": 37,
          "failureDetails": [],
          "failureMessages": [],
          "fullName": "Token Service getActiveSessions should get all active sessions for user",
          "invocations": 1,
          "location": null,
          "numPassingAsserts": 4,
          "retryReasons": [],
          "status": "passed",
          "title": "should get all active sessions for user"
        },
        {
          "ancestorTitles": [
            "Token Service",
            "revokeSessionById"
          ],
          "duration": 44,
          "failureDetails": [],
          "failureMessages": [],
          "fullName": "Token Service revokeSessionById should revoke specific session",
          "invocations": 1,
          "location": null,
          "numPassingAsserts": 2,
          "retryReasons": [],
          "status": "passed",
          "title": "should revoke specific session"
        },
        {
          "ancestorTitles": [
            "Token Service",
            "revokeSessionById"
          ],
          "duration": 199,
          "failureDetails": [],
          "failureMessages": [],
          "fullName": "Token Service revokeSessionById should reject revoking session of another user",
          "invocations": 1,
          "location": null,
          "numPassingAsserts": 1,
          "retryReasons": [],
          "status": "passed",
          "title": "should reject revoking session of another user"
        }
      ],
      "failureMessage": null
    },
    {
      "leaks": false,
      "numFailingTests": 0,
      "numPassingTests": 15,
      "numPendingTests": 0,
      "numTodoTests": 0,
      "openHandles": [],
      "perfStats": {
        "end": 1770045567867,
        "runtime": 1725,
        "slow": false,
        "start": 1770045566142
      },
      "skipped": false,
      "snapshot": {
        "added": 0,
        "fileDeleted": false,
        "matched": 0,
        "unchecked": 0,
        "uncheckedKeys": [],
        "unmatched": 0,
        "updated": 0
      },
      "testFilePath": "C:\\Project_Files\\Internship\\Plant-Health-monitoring\\backend\\tests\\integration\\guest.integration.test.js",
      "testResults": [
        {
          "ancestorTitles": [
            "Guest Prediction Integration Tests",
            "Guest User Workflows"
          ],
          "duration": 102,
          "failureDetails": [],
          "failureMessages": [],
          "fullName": "Guest Prediction Integration Tests Guest User Workflows should allow guest to make predictions without authentication",
          "invocations": 1,
          "location": null,
          "numPassingAsserts": 4,
          "retryReasons": [],
          "status": "passed",
          "title": "should allow guest to make predictions without authentication"
        },
        {
          "ancestorTitles": [
            "Guest Prediction Integration Tests",
            "Guest User Workflows"
          ],
          "duration": 99,
          "failureDetails": [],
          "failureMessages": [],
          "fullName": "Guest Prediction Integration Tests Guest User Workflows should track guest prediction usage",
          "invocations": 1,
          "location": null,
          "numPassingAsserts": 5,
          "retryReasons": [],
          "status": "passed",
          "title": "should track guest prediction usage"
        },
        {
          "ancestorTitles": [
            "Guest Prediction Integration Tests",
            "Guest User Workflows"
          ],
          "duration": 433,
          "failureDetails": [],
          "failureMessages": [],
          "fullName": "Guest Prediction Integration Tests Guest User Workflows should show login prompt after guest usage reaches limit",
          "invocations": 1,
          "location": null,
          "numPassingAsserts": 4,
          "retryReasons": [],
          "status": "passed",
          "title": "should show login prompt after guest usage reaches limit"
        },
        {
          "ancestorTitles": [
            "Guest Prediction Integration Tests",
            "Guest User Workflows"
          ],
          "duration": 33,
          "failureDetails": [],
          "failureMessages": [],
          "fullName": "Guest Prediction Integration Tests Guest User Workflows should limit guest prediction features",
          "invocations": 1,
          "location": null,
          "numPassingAsserts": 0,
          "retryReasons": [],
          "status": "passed",
          "title": "should limit guest prediction features"
        },
        {
          "ancestorTitles": [
            "Guest Prediction Integration Tests",
            "Guest Download Restrictions"
          ],
          "duration": 31,
          "failureDetails": [],
          "failureMessages": [],
          "fullName": "Guest Prediction Integration Tests Guest Download Restrictions should block guest from downloading PDF reports",
          "invocations": 1,
          "location": null,
          "numPassingAsserts": 0,
          "retryReasons": [],
          "status": "passed",
          "title": "should block guest from downloading PDF reports"
        },
        {
          "ancestorTitles": [
            "Guest Prediction Integration Tests",
            "Guest Download Restrictions"
          ],
          "duration": 25,
          "failureDetails": [],
          "failureMessages": [],
          "fullName": "Guest Prediction Integration Tests Guest Download Restrictions should require authentication for PDF download",
          "invocations": 1,
          "location": null,
          "numPassingAsserts": 1,
          "retryReasons": [],
          "status": "passed",
          "title": "should require authentication for PDF download"
        },
        {
          "ancestorTitles": [
            "Guest Prediction Integration Tests",
            "Guest Rate Limiting"
          ],
          "duration": 64,
          "failureDetails": [],
          "failureMessages": [],
          "fullName": "Guest Prediction Integration Tests Guest Rate Limiting should enforce guest rate limits per session",
          "invocations": 1,
          "location": null,
          "numPassingAsserts": 1,
          "retryReasons": [],
          "status": "passed",
          "title": "should enforce guest rate limits per session"
        },
        {
          "ancestorTitles": [
            "Guest Prediction Integration Tests",
            "Guest Rate Limiting"
          ],
          "duration": 37,
          "failureDetails": [],
          "failureMessages": [],
          "fullName": "Guest Prediction Integration Tests Guest Rate Limiting should track guest usage across requests",
          "invocations": 1,
          "location": null,
          "numPassingAsserts": 1,
          "retryReasons": [],
          "status": "passed",
          "title": "should track guest usage across requests"
        },
        {
          "ancestorTitles": [
            "Guest Prediction Integration Tests",
            "Guest to Authenticated User Conversion"
          ],
          "duration": 13,
          "failureDetails": [],
          "failureMessages": [],
          "fullName": "Guest Prediction Integration Tests Guest to Authenticated User Conversion should allow guest user to register and maintain history",
          "invocations": 1,
          "location": null,
          "numPassingAsserts": 0,
          "retryReasons": [],
          "status": "passed",
          "title": "should allow guest user to register and maintain history"
        },
        {
          "ancestorTitles": [
            "Guest Prediction Integration Tests",
            "Guest API Error Handling"
          ],
          "duration": 9,
          "failureDetails": [],
          "failureMessages": [],
          "fullName": "Guest Prediction Integration Tests Guest API Error Handling should reject guest upload without image",
          "invocations": 1,
          "location": null,
          "numPassingAsserts": 1,
          "retryReasons": [],
          "status": "passed",
          "title": "should reject guest upload without image"
        },
        {
          "ancestorTitles": [
            "Guest Prediction Integration Tests",
            "Guest API Error Handling"
          ],
          "duration": 9,
          "failureDetails": [],
          "failureMessages": [],
          "fullName": "Guest Prediction Integration Tests Guest API Error Handling should reject guest upload with invalid file",
          "invocations": 1,
          "location": null,
          "numPassingAsserts": 1,
          "retryReasons": [],
          "status": "passed",
          "title": "should reject guest upload with invalid file"
        },
        {
          "ancestorTitles": [
            "Guest Prediction Integration Tests",
            "Guest API Error Handling"
          ],
          "duration": 19,
          "failureDetails": [],
          "failureMessages": [],
          "fullName": "Guest Prediction Integration Tests Guest API Error Handling should return proper error for guest on authenticated endpoints",
          "invocations": 1,
          "location": null,
          "numPassingAsserts": 2,
          "retryReasons": [],
          "status": "passed",
          "title": "should return proper error for guest on authenticated endpoints"
        },
        {
          "ancestorTitles": [
            "Guest Prediction Integration Tests",
            "Guest Session Management"
          ],
          "duration": 22,
          "failureDetails": [],
          "failureMessages": [],
          "fullName": "Guest Prediction Integration Tests Guest Session Management should isolate guest sessions",
          "invocations": 1,
          "location": null,
          "numPassingAsserts": 0,
          "retryReasons": [],
          "status": "passed",
          "title": "should isolate guest sessions"
        },
        {
          "ancestorTitles": [
            "Guest Prediction Integration Tests",
            "Guest Feature Restrictions"
          ],
          "duration": 25,
          "failureDetails": [],
          "failureMessages": [],
          "fullName": "Guest Prediction Integration Tests Guest Feature Restrictions should not expose sensitive data in guest responses",
          "invocations": 1,
          "location": null,
          "numPassingAsserts": 0,
          "retryReasons": [],
          "status": "passed",
          "title": "should not expose sensitive data in guest responses"
        },
        {
          "ancestorTitles": [
            "Guest Prediction Integration Tests",
            "Guest Feature Restrictions"
          ],
          "duration": 21,
          "failureDetails": [],
          "failureMessages": [],
          "fullName": "Guest Prediction Integration Tests Guest Feature Restrictions should prevent guest access to history endpoints",
          "invocations": 1,
          "location": null,
          "numPassingAsserts": 1,
          "retryReasons": [],
          "status": "passed",
          "title": "should prevent guest access to history endpoints"
        }
      ],
      "failureMessage": null
    }
  ],
  "wasInterrupted": false
}