{
  "numFailedTestSuites": 0,
  "numFailedTests": 0,
  "numPassedTestSuites": 1,
  "numPassedTests": 13,
  "numPendingTestSuites": 0,
  "numPendingTests": 0,
  "numRuntimeErrorTestSuites": 0,
  "numTodoTests": 0,
  "numTotalTestSuites": 1,
  "numTotalTests": 13,
  "openHandles": [],
  "snapshot": {
    "added": 0,
    "didUpdate": false,
    "failure": false,
    "filesAdded": 0,
    "filesRemoved": 0,
    "filesRemovedList": [],
    "filesUnmatched": 0,
    "filesUpdated": 0,
    "matched": 0,
    "total": 0,
    "unchecked": 0,
    "uncheckedKeysByFile": [],
    "unmatched": 0,
    "updated": 0
  },
  "startTime": 1770047944024,
  "success": false,
  "testResults": [
    {
      "leaks": false,
      "numFailingTests": 0,
      "numPassingTests": 13,
      "numPendingTests": 0,
      "numTodoTests": 0,
      "openHandles": [],
      "perfStats": {
        "end": 1770047946582,
        "runtime": 2487,
        "slow": false,
        "start": 1770047944095
      },
      "skipped": false,
      "snapshot": {
        "added": 0,
        "fileDeleted": false,
        "matched": 0,
        "unchecked": 0,
        "uncheckedKeys": [],
        "unmatched": 0,
        "updated": 0
      },
      "testFilePath": "C:\\Project_Files\\Internship\\Plant-Health-monitoring\\backend\\tests\\e2e\\system.test.js",
      "testResults": [
        {
          "ancestorTitles": [
            "System E2E Tests",
            "System Health"
          ],
          "duration": 145,
          "failureDetails": [],
          "failureMessages": [],
          "fullName": "System E2E Tests System Health should return system health status",
          "invocations": 1,
          "location": null,
          "numPassingAsserts": 10,
          "retryReasons": [],
          "status": "passed",
          "title": "should return system health status"
        },
        {
          "ancestorTitles": [
            "System E2E Tests",
            "System Health"
          ],
          "duration": 19,
          "failureDetails": [],
          "failureMessages": [],
          "fullName": "System E2E Tests System Health should check Redis status",
          "invocations": 1,
          "location": null,
          "numPassingAsserts": 6,
          "retryReasons": [],
          "status": "passed",
          "title": "should check Redis status"
        },
        {
          "ancestorTitles": [
            "System E2E Tests",
            "System Health"
          ],
          "duration": 41,
          "failureDetails": [],
          "failureMessages": [],
          "fullName": "System E2E Tests System Health should get guest statistics",
          "invocations": 1,
          "location": null,
          "numPassingAsserts": 4,
          "retryReasons": [],
          "status": "passed",
          "title": "should get guest statistics"
        },
        {
          "ancestorTitles": [
            "System E2E Tests",
            "Basic Health Check"
          ],
          "duration": 32,
          "failureDetails": [],
          "failureMessages": [],
          "fullName": "System E2E Tests Basic Health Check should return health check",
          "invocations": 1,
          "location": null,
          "numPassingAsserts": 3,
          "retryReasons": [],
          "status": "passed",
          "title": "should return health check"
        },
        {
          "ancestorTitles": [
            "System E2E Tests",
            "Error Handling"
          ],
          "duration": 19,
          "failureDetails": [],
          "failureMessages": [],
          "fullName": "System E2E Tests Error Handling should return 404 for unknown routes",
          "invocations": 1,
          "location": null,
          "numPassingAsserts": 2,
          "retryReasons": [],
          "status": "passed",
          "title": "should return 404 for unknown routes"
        },
        {
          "ancestorTitles": [
            "System E2E Tests",
            "Error Handling"
          ],
          "duration": 97,
          "failureDetails": [],
          "failureMessages": [],
          "fullName": "System E2E Tests Error Handling should handle malformed JSON",
          "invocations": 1,
          "location": null,
          "numPassingAsserts": 1,
          "retryReasons": [],
          "status": "passed",
          "title": "should handle malformed JSON"
        },
        {
          "ancestorTitles": [
            "System E2E Tests",
            "Security Headers"
          ],
          "duration": 42,
          "failureDetails": [],
          "failureMessages": [],
          "fullName": "System E2E Tests Security Headers should set security headers",
          "invocations": 1,
          "location": null,
          "numPassingAsserts": 2,
          "retryReasons": [],
          "status": "passed",
          "title": "should set security headers"
        },
        {
          "ancestorTitles": [
            "System E2E Tests",
            "CORS Headers"
          ],
          "duration": 24,
          "failureDetails": [],
          "failureMessages": [],
          "fullName": "System E2E Tests CORS Headers should handle OPTIONS requests",
          "invocations": 1,
          "location": null,
          "numPassingAsserts": 1,
          "retryReasons": [],
          "status": "passed",
          "title": "should handle OPTIONS requests"
        },
        {
          "ancestorTitles": [
            "System E2E Tests",
            "Rate Limiting"
          ],
          "duration": 236,
          "failureDetails": [],
          "failureMessages": [],
          "fullName": "System E2E Tests Rate Limiting should enforce rate limits on health endpoint",
          "invocations": 1,
          "location": null,
          "numPassingAsserts": 0,
          "retryReasons": [],
          "status": "passed",
          "title": "should enforce rate limits on health endpoint"
        },
        {
          "ancestorTitles": [
            "System E2E Tests",
            "Database Connection"
          ],
          "duration": 72,
          "failureDetails": [],
          "failureMessages": [],
          "fullName": "System E2E Tests Database Connection should have functional database",
          "invocations": 1,
          "location": null,
          "numPassingAsserts": 2,
          "retryReasons": [],
          "status": "passed",
          "title": "should have functional database"
        },
        {
          "ancestorTitles": [
            "System E2E Tests",
            "AI Service"
          ],
          "duration": 51,
          "failureDetails": [],
          "failureMessages": [],
          "fullName": "System E2E Tests AI Service should report AI service status",
          "invocations": 1,
          "location": null,
          "numPassingAsserts": 2,
          "retryReasons": [],
          "status": "passed",
          "title": "should report AI service status"
        },
        {
          "ancestorTitles": [
            "System E2E Tests",
            "Storage Service"
          ],
          "duration": 40,
          "failureDetails": [],
          "failureMessages": [],
          "fullName": "System E2E Tests Storage Service should report storage status",
          "invocations": 1,
          "location": null,
          "numPassingAsserts": 3,
          "retryReasons": [],
          "status": "passed",
          "title": "should report storage status"
        },
        {
          "ancestorTitles": [
            "System E2E Tests",
            "System Memory"
          ],
          "duration": 69,
          "failureDetails": [],
          "failureMessages": [],
          "fullName": "System E2E Tests System Memory should report system memory usage",
          "invocations": 1,
          "location": null,
          "numPassingAsserts": 3,
          "retryReasons": [],
          "status": "passed",
          "title": "should report system memory usage"
        }
      ],
      "failureMessage": null
    }
  ],
  "wasInterrupted": false
}